[  126510ms] [WARNING] [Fast Refresh] performing full reload

Fast Refresh will perform a full reload when you edit a file that's imported by modules outside of the React rendering tree.
You might have a file which exports a React component but also exports a value that is imported by a non-React component file.
Consider migrating the non-React component export to a separate file and importing it into both files.

It is also possible the parent component of the component you edited is a class component, which disables Fast Refresh.
Fast Refresh requires at least one parent function component in your React tree. @ http://localhost:3000/_next/static/chunks/node_modules_next_dist_f3530cac._.js:2297
[  156009ms] Error: Attempted to call createMotionComponent() from the server but createMotionComponent is on the client. It's not possible to invoke a client function from the server, it can only be rendered as a Component or passed to props of a Client Component.
    at ShowList (about://React/Server/file:///Users/jon/Documents/robbie-site/.next/dev/server/chunks/ssr/%5Broot-of-the-server%5D__8d21b5ce._.js?51:341:462)
    at resolveErrorDev (http://localhost:3000/_next/static/chunks/node_modules_next_dist_compiled_react-server-dom-turbopack_9212ccad._.js:1894:148)
    at processFullStringRow (http://localhost:3000/_next/static/chunks/node_modules_next_dist_compiled_react-server-dom-turbopack_9212ccad._.js:2402:29)
    at processFullBinaryRow (http://localhost:3000/_next/static/chunks/node_modules_next_dist_compiled_react-server-dom-turbopack_9212ccad._.js:2361:9)
    at processBinaryChunk (http://localhost:3000/_next/static/chunks/node_modules_next_dist_compiled_react-server-dom-turbopack_9212ccad._.js:2470:221)
    at progress (http://localhost:3000/_next/static/chunks/node_modules_next_dist_compiled_react-server-dom-turbopack_9212ccad._.js:2640:13)
[  173705ms] [WARNING] [Fast Refresh] performing full reload because your application had an unrecoverable error @ http://localhost:3000/_next/static/chunks/node_modules_next_dist_f3530cac._.js:2297
[  173838ms] Error: Attempted to call createMotionComponent() from the server but createMotionComponent is on the client. It's not possible to invoke a client function from the server, it can only be rendered as a Component or passed to props of a Client Component.
    at ShowList (about://React/Server/file:///Users/jon/Documents/robbie-site/.next/dev/server/chunks/ssr/%5Broot-of-the-server%5D__8d21b5ce._.js?51:341:462)
    at resolveErrorDev (http://localhost:3000/_next/static/chunks/node_modules_next_dist_compiled_react-server-dom-turbopack_9212ccad._.js:1894:148)
    at processFullStringRow (http://localhost:3000/_next/static/chunks/node_modules_next_dist_compiled_react-server-dom-turbopack_9212ccad._.js:2402:29)
    at processFullBinaryRow (http://localhost:3000/_next/static/chunks/node_modules_next_dist_compiled_react-server-dom-turbopack_9212ccad._.js:2361:9)
    at processBinaryChunk (http://localhost:3000/_next/static/chunks/node_modules_next_dist_compiled_react-server-dom-turbopack_9212ccad._.js:2470:221)
    at progress (http://localhost:3000/_next/static/chunks/node_modules_next_dist_compiled_react-server-dom-turbopack_9212ccad._.js:2640:13)
[  174052ms] [ERROR] Failed to load resource: the server responded with a status of 500 (Internal Server Error) @ http://localhost:3000/:0
[  174384ms] Error: Attempted to call createMotionComponent() from the server but createMotionComponent is on the client. It's not possible to invoke a client function from the server, it can only be rendered as a Component or passed to props of a Client Component.
    at ShowList (about://React/Server/file:///Users/jon/Documents/robbie-site/.next/dev/server/chunks/ssr/%5Broot-of-the-server%5D__8d21b5ce._.js?21:341:462)
    at resolveErrorDev (http://localhost:3000/_next/static/chunks/node_modules_next_dist_compiled_react-server-dom-turbopack_9212ccad._.js:1894:148)
    at processFullStringRow (http://localhost:3000/_next/static/chunks/node_modules_next_dist_compiled_react-server-dom-turbopack_9212ccad._.js:2402:29)
    at processFullBinaryRow (http://localhost:3000/_next/static/chunks/node_modules_next_dist_compiled_react-server-dom-turbopack_9212ccad._.js:2361:9)
    at processBinaryChunk (http://localhost:3000/_next/static/chunks/node_modules_next_dist_compiled_react-server-dom-turbopack_9212ccad._.js:2470:221)
    at progress (http://localhost:3000/_next/static/chunks/node_modules_next_dist_compiled_react-server-dom-turbopack_9212ccad._.js:2640:13)
[  177388ms] [WARNING] The resource http://localhost:3000/_next/static/chunks/%5Broot-of-the-server%5D__b60b4e46._.css was preloaded using link preload but not used within a few seconds from the window's load event. Please make sure it has an appropriate `as` value and it is preloaded intentionally. @ http://localhost:3000/:0
[  186377ms] [WARNING] [Fast Refresh] performing full reload because your application had an unrecoverable error @ http://localhost:3000/_next/static/chunks/node_modules_next_dist_f3530cac._.js:2297
[  186482ms] Error: No link element found for chunk /_next/static/chunks/%5Broot-of-the-server%5D__b60b4e46._.css
    at http://localhost:3000/_next/static/chunks/turbopack-_23a915ee._.js:1801:28
    at new Promise (<anonymous>)
    at Object.reloadChunk (http://localhost:3000/_next/static/chunks/turbopack-_23a915ee._.js:1793:20)
    at applyChunkListUpdate (http://localhost:3000/_next/static/chunks/turbopack-_23a915ee._.js:1174:46)
    at applyUpdate (http://localhost:3000/_next/static/chunks/turbopack-_23a915ee._.js:1148:13)
    at handleApply (http://localhost:3000/_next/static/chunks/turbopack-_23a915ee._.js:1368:17)
    at triggerUpdate (http://localhost:3000/_next/static/chunks/%5Bturbopack%5D_browser_dev_hmr-client_hmr-client_ts_c8c997ce._.js:452:9)
    at applyAggregatedUpdates (http://localhost:3000/_next/static/chunks/%5Bturbopack%5D_browser_dev_hmr-client_hmr-client_ts_c8c997ce._.js:98:9)
    at http://localhost:3000/_next/static/chunks/%5Bturbopack%5D_browser_dev_hmr-client_hmr-client_ts_c8c997ce._.js:32:21
    at processTurbopackMessage (http://localhost:3000/_next/static/chunks/node_modules_next_dist_client_17643121._.js:10950:13)
    at processMessage (http://localhost:3000/_next/static/chunks/node_modules_next_dist_client_17643121._.js:11591:17)
    at WebSocket.handleMessage (http://localhost:3000/_next/static/chunks/node_modules_next_dist_client_17643121._.js:10914:52)
[  186614ms] [ERROR] Failed to load resource: the server responded with a status of 500 (Internal Server Error) @ http://localhost:3000/:0
[  187020ms] Error: Attempted to call createMotionComponent() from the server but createMotionComponent is on the client. It's not possible to invoke a client function from the server, it can only be rendered as a Component or passed to props of a Client Component.
    at ShowList (about://React/Server/file:///Users/jon/Documents/robbie-site/.next/dev/server/chunks/ssr/%5Broot-of-the-server%5D__8d21b5ce._.js?21:341:462)
    at resolveErrorDev (http://localhost:3000/_next/static/chunks/node_modules_next_dist_compiled_react-server-dom-turbopack_9212ccad._.js:1894:148)
    at processFullStringRow (http://localhost:3000/_next/static/chunks/node_modules_next_dist_compiled_react-server-dom-turbopack_9212ccad._.js:2402:29)
    at processFullBinaryRow (http://localhost:3000/_next/static/chunks/node_modules_next_dist_compiled_react-server-dom-turbopack_9212ccad._.js:2361:9)
    at processBinaryChunk (http://localhost:3000/_next/static/chunks/node_modules_next_dist_compiled_react-server-dom-turbopack_9212ccad._.js:2470:221)
    at progress (http://localhost:3000/_next/static/chunks/node_modules_next_dist_compiled_react-server-dom-turbopack_9212ccad._.js:2640:13)
[  190026ms] [WARNING] The resource http://localhost:3000/_next/static/chunks/%5Broot-of-the-server%5D__b60b4e46._.css was preloaded using link preload but not used within a few seconds from the window's load event. Please make sure it has an appropriate `as` value and it is preloaded intentionally. @ http://localhost:3000/:0
[  198558ms] [WARNING] [Fast Refresh] performing full reload because your application had an unrecoverable error @ http://localhost:3000/_next/static/chunks/node_modules_next_dist_f3530cac._.js:2297
[  198992ms] [ERROR] Failed to load resource: the server responded with a status of 500 (Internal Server Error) @ http://localhost:3000/:0
[  199297ms] Error: Attempted to call createMotionComponent() from the server but createMotionComponent is on the client. It's not possible to invoke a client function from the server, it can only be rendered as a Component or passed to props of a Client Component.
    at ShowList (about://React/Server/file:///Users/jon/Documents/robbie-site/.next/dev/server/chunks/ssr/%5Broot-of-the-server%5D__8d21b5ce._.js?21:341:462)
    at resolveErrorDev (http://localhost:3000/_next/static/chunks/node_modules_next_dist_compiled_react-server-dom-turbopack_9212ccad._.js:1894:148)
    at processFullStringRow (http://localhost:3000/_next/static/chunks/node_modules_next_dist_compiled_react-server-dom-turbopack_9212ccad._.js:2402:29)
    at processFullBinaryRow (http://localhost:3000/_next/static/chunks/node_modules_next_dist_compiled_react-server-dom-turbopack_9212ccad._.js:2361:9)
    at processBinaryChunk (http://localhost:3000/_next/static/chunks/node_modules_next_dist_compiled_react-server-dom-turbopack_9212ccad._.js:2470:221)
    at progress (http://localhost:3000/_next/static/chunks/node_modules_next_dist_compiled_react-server-dom-turbopack_9212ccad._.js:2640:13)
[  202303ms] [WARNING] The resource http://localhost:3000/_next/static/chunks/%5Broot-of-the-server%5D__b60b4e46._.css was preloaded using link preload but not used within a few seconds from the window's load event. Please make sure it has an appropriate `as` value and it is preloaded intentionally. @ http://localhost:3000/:0
[  241058ms] [WARNING] [Fast Refresh] performing full reload because your application had an unrecoverable error @ http://localhost:3000/_next/static/chunks/node_modules_next_dist_f3530cac._.js:2297
